<?xml version="1.0" encoding="UTF-8"?>
<!-- Generated by org.testng.reporters.JUnitReportReporter -->
<testsuite hostname="ORCUS" name="gitDemoWebshop.registerDemoweb" tests="1" failures="0" timestamp="4 Aug 2021 10:42:04 GMT" time="1.713" errors="0">
  <testcase name="logintest" time="1.713" classname="gitDemoWebshop.registerDemoweb"/>
</testsuite> <!-- gitDemoWebshop.registerDemoweb -->
